2026-04-27_12-48-55 – FILES – INFO – Папка: checkpoints успешно создана
2026-04-27_12-48-57 – PARSING – INFO – Драйвер для работы с selenium создан: <selenium.webdriver.chrome.webdriver.WebDriver (session="45003e4ba4c47983ced78dfa62efa653")>
2026-04-27_12-48-57 – PARSING – INFO – --- 1. Начало работы ---
2026-04-27_12-48-57 – PARSING – INFO – --- 2. Обработка запроса ---
2026-04-27_12-48-57 – PARSING – DEBUG – Итоговая ссылка с названием профессии: ?text=Программист+Python&ored_clusters=true
2026-04-27_12-48-57 – PARSING – INFO – --- 3. Получение страницы ---
2026-04-27_12-50-28 – PARSING – INFO – Успешно перешли на главную страницу, ожидаем 0.75 сек
2026-04-27_12-51-45 – PARSING – INFO – --- УСПЕШНЫЙ ПЕРЕХОД К ВАКАНСИЯМ (страница 0)--- 
2026-04-27_12-51-45 – PARSING – DEBUG – Очистка переменной soup после: 0
2026-04-27_12-53-01 – PARSING – INFO – --- УСПЕШНЫЙ ПЕРЕХОД К ВАКАНСИЯМ (страница 1)--- 
2026-04-27_12-53-01 – PARSING – DEBUG – Очистка переменной soup после: 1
2026-04-27_12-54-18 – PARSING – INFO – --- УСПЕШНЫЙ ПЕРЕХОД К ВАКАНСИЯМ (страница 2)--- 
2026-04-27_12-54-18 – PARSING – DEBUG – Очистка переменной soup после: 2
2026-04-27_12-54-18 – PARSING – INFO – ВСЕГО СОБРАНО СТРАНИЦ 3
2026-04-27_12-54-18 – PARSING – DEBUG – Очистка оперативной памяти через GC после финальной страницы
2026-04-27_12-54-18 – PARSING – INFO – --- ФИНАЛЬНОЕ СОХРАНЕНИЕ ---
2026-04-27_12-54-18 – PARSING – INFO – Закончена обработка профессии: Программист Python
2026-04-27_12-54-18 – PARSING – DEBUG – Программа остановлена на 2 секунды при смене профессии
2026-04-27_12-54-20 – PARSING – DEBUG – Итоговая ссылка с названием профессии: ?text=Программист+Java&ored_clusters=true
2026-04-27_12-54-20 – PARSING – INFO – --- 3. Получение страницы ---
2026-04-27_12-55-36 – PARSING – INFO – Успешно перешли на главную страницу, ожидаем 0.75 сек
2026-04-27_12-56-52 – PARSING – INFO – --- УСПЕШНЫЙ ПЕРЕХОД К ВАКАНСИЯМ (страница 0)--- 
2026-04-27_12-56-52 – PARSING – DEBUG – Очистка переменной soup после: 0
2026-04-27_12-58-08 – PARSING – INFO – --- УСПЕШНЫЙ ПЕРЕХОД К ВАКАНСИЯМ (страница 1)--- 
2026-04-27_12-58-08 – PARSING – DEBUG – Очистка переменной soup после: 1
2026-04-27_12-58-08 – PARSING – INFO – ВСЕГО СОБРАНО СТРАНИЦ 2
2026-04-27_12-58-08 – PARSING – DEBUG – Очистка оперативной памяти через GC после финальной страницы
2026-04-27_12-58-08 – PARSING – INFO – --- ФИНАЛЬНОЕ СОХРАНЕНИЕ ---
2026-04-27_12-58-08 – PARSING – INFO – Закончена обработка профессии: Программист Java
2026-04-27_12-58-08 – PARSING – DEBUG – Программа остановлена на 2 секунды при смене профессии
2026-04-27_12-58-10 – PARSING – DEBUG – Итоговая ссылка с названием профессии: ?text=Программист+JavaScript&ored_clusters=true
2026-04-27_12-58-10 – PARSING – INFO – --- 3. Получение страницы ---
2026-04-27_12-59-26 – PARSING – INFO – Успешно перешли на главную страницу, ожидаем 0.75 сек
2026-04-27_13-01-16 – PARSING – INFO – --- УСПЕШНЫЙ ПЕРЕХОД К ВАКАНСИЯМ (страница 0)--- 
2026-04-27_13-01-16 – PARSING – DEBUG – Очистка переменной soup после: 0
2026-04-27_13-01-16 – PARSING – INFO – ВСЕГО СОБРАНО СТРАНИЦ 1
2026-04-27_13-01-16 – PARSING – DEBUG – Очистка оперативной памяти через GC после финальной страницы
2026-04-27_13-01-16 – PARSING – INFO – --- ФИНАЛЬНОЕ СОХРАНЕНИЕ ---
2026-04-27_13-01-16 – PARSING – INFO – Закончена обработка профессии: Программист JavaScript
2026-04-27_13-01-16 – PARSING – DEBUG – Программа остановлена на 2 секунды при смене профессии
2026-04-27_13-01-18 – PARSING – DEBUG – Итоговая ссылка с названием профессии: ?text=Программист+C++&ored_clusters=true
2026-04-27_13-01-18 – PARSING – INFO – --- 3. Получение страницы ---
2026-04-27_13-02-35 – PARSING – INFO – Успешно перешли на главную страницу, ожидаем 0.75 сек
2026-04-27_13-03-52 – PARSING – INFO – --- УСПЕШНЫЙ ПЕРЕХОД К ВАКАНСИЯМ (страница 0)--- 
2026-04-27_13-03-53 – PARSING – DEBUG – Очистка переменной soup после: 0
2026-04-27_13-05-32 – PARSING – INFO – --- УСПЕШНЫЙ ПЕРЕХОД К ВАКАНСИЯМ (страница 1)--- 
2026-04-27_13-05-32 – PARSING – DEBUG – Очистка переменной soup после: 1
2026-04-27_13-06-48 – PARSING – INFO – --- УСПЕШНЫЙ ПЕРЕХОД К ВАКАНСИЯМ (страница 2)--- 
2026-04-27_13-06-48 – PARSING – DEBUG – Очистка переменной soup после: 2
2026-04-27_13-06-48 – PARSING – INFO – ВСЕГО СОБРАНО СТРАНИЦ 3
2026-04-27_13-06-48 – PARSING – DEBUG – Очистка оперативной памяти через GC после финальной страницы
2026-04-27_13-06-48 – PARSING – INFO – --- ФИНАЛЬНОЕ СОХРАНЕНИЕ ---
2026-04-27_13-06-48 – PARSING – INFO – Закончена обработка профессии: Программист C++
2026-04-27_13-06-48 – PARSING – DEBUG – Программа остановлена на 2 секунды при смене профессии
2026-04-27_13-06-50 – PARSING – DEBUG – Итоговая ссылка с названием профессии: ?text=Программист+C#&ored_clusters=true
2026-04-27_13-06-50 – PARSING – INFO – --- 3. Получение страницы ---
2026-04-27_13-08-05 – PARSING – INFO – Успешно перешли на главную страницу, ожидаем 0.75 сек
2026-04-27_13-09-22 – PARSING – INFO – --- УСПЕШНЫЙ ПЕРЕХОД К ВАКАНСИЯМ (страница 0)--- 
2026-04-27_13-09-23 – PARSING – DEBUG – Очистка переменной soup после: 0
2026-04-27_13-09-23 – PARSING – INFO – --- УСПЕШНЫЙ ПЕРЕХОД К ВАКАНСИЯМ (страница 1)--- 
2026-04-27_13-09-23 – PARSING – DEBUG – Очистка переменной soup после: 1
2026-04-27_13-09-23 – PARSING – INFO – --- УСПЕШНЫЙ ПЕРЕХОД К ВАКАНСИЯМ (страница 2)--- 
2026-04-27_13-09-23 – PARSING – DEBUG – Очистка переменной soup после: 2
2026-04-27_13-09-23 – PARSING – INFO – --- УСПЕШНЫЙ ПЕРЕХОД К ВАКАНСИЯМ (страница 3)--- 
2026-04-27_13-09-23 – PARSING – DEBUG – Очистка переменной soup после: 3
2026-04-27_13-09-23 – PARSING – INFO – --- УСПЕШНЫЙ ПЕРЕХОД К ВАКАНСИЯМ (страница 4)--- 
2026-04-27_13-09-24 – PARSING – DEBUG – Очистка переменной soup после: 4
2026-04-27_13-09-24 – PARSING – INFO – --- УСПЕШНЫЙ ПЕРЕХОД К ВАКАНСИЯМ (страница 5)--- 
2026-04-27_13-09-24 – PARSING – INFO – --- ПРОМЕЖУТОЧНОЕ СОХРАНЕНИЕ /// страницы 0-5) ---
2026-04-27_13-09-24 – PARSING – DEBUG – Очистка оперативной памяти через GC после чекпоинта: 5
2026-04-27_13-09-24 – PARSING – DEBUG – Очистка переменной soup после: 5
2026-04-27_13-09-24 – PARSING – INFO – --- УСПЕШНЫЙ ПЕРЕХОД К ВАКАНСИЯМ (страница 6)--- 
2026-04-27_13-09-24 – PARSING – DEBUG – Очистка переменной soup после: 6
2026-04-27_13-09-24 – PARSING – INFO – --- УСПЕШНЫЙ ПЕРЕХОД К ВАКАНСИЯМ (страница 7)--- 
2026-04-27_13-09-24 – PARSING – DEBUG – Очистка переменной soup после: 7
2026-04-27_13-09-24 – PARSING – INFO – ВСЕГО СОБРАНО СТРАНИЦ 8
2026-04-27_13-09-24 – PARSING – DEBUG – Очистка оперативной памяти через GC после финальной страницы
2026-04-27_13-09-24 – PARSING – INFO – --- ФИНАЛЬНОЕ СОХРАНЕНИЕ ---
2026-04-27_13-09-24 – PARSING – INFO – Закончена обработка профессии: Программист C#
2026-04-27_13-09-24 – PARSING – DEBUG – Программа остановлена на 2 секунды при смене профессии
2026-04-27_13-09-26 – PARSING – DEBUG – Итоговая ссылка с названием профессии: ?text=Программист+Go&ored_clusters=true
2026-04-27_13-09-26 – PARSING – INFO – --- 3. Получение страницы ---
2026-04-27_13-10-42 – PARSING – INFO – Успешно перешли на главную страницу, ожидаем 0.75 сек
2026-04-27_13-11-59 – PARSING – INFO – --- УСПЕШНЫЙ ПЕРЕХОД К ВАКАНСИЯМ (страница 0)--- 
2026-04-27_13-11-59 – PARSING – DEBUG – Очистка переменной soup после: 0
2026-04-27_13-11-59 – PARSING – INFO – ВСЕГО СОБРАНО СТРАНИЦ 1
2026-04-27_13-11-59 – PARSING – DEBUG – Очистка оперативной памяти через GC после финальной страницы
2026-04-27_13-11-59 – PARSING – INFO – --- ФИНАЛЬНОЕ СОХРАНЕНИЕ ---
2026-04-27_13-11-59 – PARSING – INFO – Закончена обработка профессии: Программист Go
2026-04-27_13-11-59 – PARSING – DEBUG – Программа остановлена на 2 секунды при смене профессии
2026-04-27_13-12-01 – PARSING – DEBUG – Итоговая ссылка с названием профессии: ?text=Программист+PHP&ored_clusters=true
2026-04-27_13-12-01 – PARSING – INFO – --- 3. Получение страницы ---
2026-04-27_13-13-17 – PARSING – INFO – Успешно перешли на главную страницу, ожидаем 0.75 сек
2026-04-27_13-14-34 – PARSING – INFO – --- УСПЕШНЫЙ ПЕРЕХОД К ВАКАНСИЯМ (страница 0)--- 
2026-04-27_13-14-34 – PARSING – DEBUG – Очистка переменной soup после: 0
2026-04-27_13-15-51 – PARSING – INFO – --- УСПЕШНЫЙ ПЕРЕХОД К ВАКАНСИЯМ (страница 1)--- 
2026-04-27_13-15-51 – PARSING – DEBUG – Очистка переменной soup после: 1
2026-04-27_13-15-51 – PARSING – INFO – ВСЕГО СОБРАНО СТРАНИЦ 2
2026-04-27_13-15-51 – PARSING – DEBUG – Очистка оперативной памяти через GC после финальной страницы
2026-04-27_13-15-51 – PARSING – INFO – --- ФИНАЛЬНОЕ СОХРАНЕНИЕ ---
2026-04-27_13-15-51 – PARSING – INFO – Закончена обработка профессии: Программист PHP
2026-04-27_13-15-51 – PARSING – DEBUG – Программа остановлена на 2 секунды при смене профессии
2026-04-27_13-15-53 – PARSING – DEBUG – Итоговая ссылка с названием профессии: ?text=Разработчик+1С&ored_clusters=true
2026-04-27_13-15-53 – PARSING – INFO – --- 3. Получение страницы ---
2026-04-27_13-17-08 – PARSING – INFO – Успешно перешли на главную страницу, ожидаем 0.75 сек
2026-04-27_13-18-25 – PARSING – INFO – --- УСПЕШНЫЙ ПЕРЕХОД К ВАКАНСИЯМ (страница 0)--- 
2026-04-27_13-18-25 – PARSING – DEBUG – Очистка переменной soup после: 0
2026-04-27_13-19-41 – PARSING – INFO – --- УСПЕШНЫЙ ПЕРЕХОД К ВАКАНСИЯМ (страница 1)--- 
2026-04-27_13-19-41 – PARSING – DEBUG – Очистка переменной soup после: 1
2026-04-27_13-20-57 – PARSING – INFO – --- УСПЕШНЫЙ ПЕРЕХОД К ВАКАНСИЯМ (страница 2)--- 
2026-04-27_13-20-57 – PARSING – DEBUG – Очистка переменной soup после: 2
2026-04-27_13-22-13 – PARSING – INFO – --- УСПЕШНЫЙ ПЕРЕХОД К ВАКАНСИЯМ (страница 3)--- 
2026-04-27_13-22-13 – PARSING – DEBUG – Очистка переменной soup после: 3
2026-04-27_13-23-29 – PARSING – INFO – --- УСПЕШНЫЙ ПЕРЕХОД К ВАКАНСИЯМ (страница 4)--- 
2026-04-27_13-23-30 – PARSING – DEBUG – Очистка переменной soup после: 4
2026-04-27_13-24-46 – PARSING – INFO – --- УСПЕШНЫЙ ПЕРЕХОД К ВАКАНСИЯМ (страница 5)--- 
2026-04-27_13-24-46 – PARSING – INFO – --- ПРОМЕЖУТОЧНОЕ СОХРАНЕНИЕ /// страницы 0-5) ---
2026-04-27_13-24-46 – PARSING – DEBUG – Очистка оперативной памяти через GC после чекпоинта: 5
2026-04-27_13-24-46 – PARSING – DEBUG – Очистка переменной soup после: 5
2026-04-27_13-26-02 – PARSING – INFO – --- УСПЕШНЫЙ ПЕРЕХОД К ВАКАНСИЯМ (страница 6)--- 
2026-04-27_13-26-02 – PARSING – DEBUG – Очистка переменной soup после: 6
2026-04-27_13-27-18 – PARSING – INFO – --- УСПЕШНЫЙ ПЕРЕХОД К ВАКАНСИЯМ (страница 7)--- 
2026-04-27_13-27-19 – PARSING – DEBUG – Очистка переменной soup после: 7
2026-04-27_13-28-34 – PARSING – INFO – --- УСПЕШНЫЙ ПЕРЕХОД К ВАКАНСИЯМ (страница 8)--- 
2026-04-27_13-28-35 – PARSING – DEBUG – Очистка переменной soup после: 8
2026-04-27_13-29-51 – PARSING – INFO – --- УСПЕШНЫЙ ПЕРЕХОД К ВАКАНСИЯМ (страница 9)--- 
2026-04-27_13-29-52 – PARSING – DEBUG – Очистка переменной soup после: 9
2026-04-27_13-31-07 – PARSING – INFO – --- УСПЕШНЫЙ ПЕРЕХОД К ВАКАНСИЯМ (страница 10)--- 
2026-04-27_13-31-07 – PARSING – INFO – --- ПРОМЕЖУТОЧНОЕ СОХРАНЕНИЕ /// страницы 5-10) ---
2026-04-27_13-31-08 – PARSING – DEBUG – Очистка оперативной памяти через GC после чекпоинта: 10
2026-04-27_13-31-08 – PARSING – DEBUG – Очистка переменной soup после: 10
2026-04-27_13-32-24 – PARSING – INFO – --- УСПЕШНЫЙ ПЕРЕХОД К ВАКАНСИЯМ (страница 11)--- 
2026-04-27_13-32-24 – PARSING – DEBUG – Очистка переменной soup после: 11
2026-04-27_13-33-40 – PARSING – INFO – --- УСПЕШНЫЙ ПЕРЕХОД К ВАКАНСИЯМ (страница 12)--- 
2026-04-27_13-33-40 – PARSING – DEBUG – Очистка переменной soup после: 12
2026-04-27_13-34-57 – PARSING – INFO – --- УСПЕШНЫЙ ПЕРЕХОД К ВАКАНСИЯМ (страница 13)--- 
2026-04-27_13-34-57 – PARSING – DEBUG – Очистка переменной soup после: 13
2026-04-27_13-36-13 – PARSING – INFO – --- УСПЕШНЫЙ ПЕРЕХОД К ВАКАНСИЯМ (страница 14)--- 
2026-04-27_13-36-13 – PARSING – DEBUG – Очистка переменной soup после: 14
2026-04-27_13-37-30 – PARSING – INFO – --- УСПЕШНЫЙ ПЕРЕХОД К ВАКАНСИЯМ (страница 15)--- 
2026-04-27_13-37-30 – PARSING – INFO – --- ПРОМЕЖУТОЧНОЕ СОХРАНЕНИЕ /// страницы 10-15) ---
2026-04-27_13-37-30 – PARSING – DEBUG – Очистка оперативной памяти через GC после чекпоинта: 15
2026-04-27_13-37-30 – PARSING – DEBUG – Очистка переменной soup после: 15
2026-04-27_13-38-46 – PARSING – INFO – --- УСПЕШНЫЙ ПЕРЕХОД К ВАКАНСИЯМ (страница 16)--- 
2026-04-27_13-38-46 – PARSING – DEBUG – Очистка переменной soup после: 16
2026-04-27_13-40-02 – PARSING – INFO – --- УСПЕШНЫЙ ПЕРЕХОД К ВАКАНСИЯМ (страница 17)--- 
2026-04-27_13-40-02 – PARSING – DEBUG – Очистка переменной soup после: 17
2026-04-27_13-41-19 – PARSING – INFO – --- УСПЕШНЫЙ ПЕРЕХОД К ВАКАНСИЯМ (страница 18)--- 
2026-04-27_13-41-19 – PARSING – DEBUG – Очистка переменной soup после: 18
2026-04-27_13-42-35 – PARSING – INFO – --- УСПЕШНЫЙ ПЕРЕХОД К ВАКАНСИЯМ (страница 19)--- 
2026-04-27_13-42-35 – PARSING – DEBUG – Очистка переменной soup после: 19
2026-04-27_13-42-35 – PARSING – INFO – ВСЕГО СОБРАНО СТРАНИЦ 20
2026-04-27_13-42-35 – PARSING – DEBUG – Очистка оперативной памяти через GC после финальной страницы
2026-04-27_13-42-35 – PARSING – INFO – --- ФИНАЛЬНОЕ СОХРАНЕНИЕ ---
2026-04-27_13-42-35 – PARSING – INFO – Закончена обработка профессии: Разработчик 1С
2026-04-27_13-42-35 – PARSING – DEBUG – Программа остановлена на 2 секунды при смене профессии
2026-04-27_13-42-37 – PARSING – DEBUG – Итоговая ссылка с названием профессии: ?text=Frontend+разработчик&ored_clusters=true
2026-04-27_13-42-37 – PARSING – INFO – --- 3. Получение страницы ---
2026-04-27_13-43-54 – PARSING – INFO – Успешно перешли на главную страницу, ожидаем 0.75 сек
2026-04-27_13-45-10 – PARSING – INFO – --- УСПЕШНЫЙ ПЕРЕХОД К ВАКАНСИЯМ (страница 0)--- 
2026-04-27_13-45-11 – PARSING – DEBUG – Очистка переменной soup после: 0
2026-04-27_13-46-27 – PARSING – INFO – --- УСПЕШНЫЙ ПЕРЕХОД К ВАКАНСИЯМ (страница 1)--- 
2026-04-27_13-46-27 – PARSING – DEBUG – Очистка переменной soup после: 1
2026-04-27_13-47-43 – PARSING – INFO – --- УСПЕШНЫЙ ПЕРЕХОД К ВАКАНСИЯМ (страница 2)--- 
2026-04-27_13-47-43 – PARSING – DEBUG – Очистка переменной soup после: 2
2026-04-27_13-47-43 – PARSING – INFO – ВСЕГО СОБРАНО СТРАНИЦ 3
2026-04-27_13-47-43 – PARSING – DEBUG – Очистка оперативной памяти через GC после финальной страницы
2026-04-27_13-47-43 – PARSING – INFO – --- ФИНАЛЬНОЕ СОХРАНЕНИЕ ---
2026-04-27_13-47-43 – PARSING – INFO – Закончена обработка профессии: Frontend разработчик
2026-04-27_13-47-43 – PARSING – DEBUG – Программа остановлена на 2 секунды при смене профессии
2026-04-27_13-47-45 – PARSING – DEBUG – Итоговая ссылка с названием профессии: ?text=Backend+разработчик&ored_clusters=true
2026-04-27_13-47-45 – PARSING – INFO – --- 3. Получение страницы ---
2026-04-27_13-49-01 – PARSING – INFO – Успешно перешли на главную страницу, ожидаем 0.75 сек
