2026-04-27_15-35-10 – FILES – INFO – Папка: checkpoints успешно создана
2026-04-27_15-35-11 – PARSING – INFO – Драйвер для работы с selenium создан: <selenium.webdriver.chrome.webdriver.WebDriver (session="b0b3e53725f13b1016eb29a65913f02b")>
2026-04-27_15-35-11 – PARSING – INFO – --- 1. Начало работы ---
2026-04-27_15-35-11 – PARSING – INFO – --- 2. Обработка запроса ---
2026-04-27_15-35-11 – PARSING – DEBUG – Итоговая ссылка с названием профессии: ?text=Системный+администратор&ored_clusters=true
2026-04-27_15-35-11 – PARSING – INFO – --- 3. Получение страницы ---
2026-04-27_15-36-46 – PARSING – INFO – --- УСПЕШНЫЙ ПЕРЕХОД К ВАКАНСИЯМ (страница 0)--- 
2026-04-27_15-36-46 – PARSING – DEBUG – Очистка переменной soup после: 0
2026-04-27_15-38-03 – PARSING – INFO – --- УСПЕШНЫЙ ПЕРЕХОД К ВАКАНСИЯМ (страница 1)--- 
2026-04-27_15-38-03 – PARSING – DEBUG – Очистка переменной soup после: 1
2026-04-27_15-39-19 – PARSING – INFO – --- УСПЕШНЫЙ ПЕРЕХОД К ВАКАНСИЯМ (страница 2)--- 
2026-04-27_15-39-19 – PARSING – DEBUG – Очистка переменной soup после: 2
2026-04-27_15-40-35 – PARSING – INFO – --- УСПЕШНЫЙ ПЕРЕХОД К ВАКАНСИЯМ (страница 3)--- 
2026-04-27_15-40-35 – PARSING – DEBUG – Очистка переменной soup после: 3
2026-04-27_15-41-51 – PARSING – INFO – --- УСПЕШНЫЙ ПЕРЕХОД К ВАКАНСИЯМ (страница 4)--- 
2026-04-27_15-41-52 – PARSING – DEBUG – Очистка переменной soup после: 4
2026-04-27_15-43-08 – PARSING – INFO – --- УСПЕШНЫЙ ПЕРЕХОД К ВАКАНСИЯМ (страница 5)--- 
2026-04-27_15-43-08 – PARSING – INFO – --- ПРОМЕЖУТОЧНОЕ СОХРАНЕНИЕ /// страницы 0-5) ---
2026-04-27_15-43-08 – PARSING – DEBUG – Очистка оперативной памяти через GC после чекпоинта: 5
2026-04-27_15-43-08 – PARSING – DEBUG – Очистка переменной soup после: 5
2026-04-27_15-44-24 – PARSING – INFO – --- УСПЕШНЫЙ ПЕРЕХОД К ВАКАНСИЯМ (страница 6)--- 
2026-04-27_15-44-24 – PARSING – DEBUG – Очистка переменной soup после: 6
2026-04-27_15-45-40 – PARSING – INFO – --- УСПЕШНЫЙ ПЕРЕХОД К ВАКАНСИЯМ (страница 7)--- 
2026-04-27_15-45-40 – PARSING – DEBUG – Очистка переменной soup после: 7
2026-04-27_15-46-57 – PARSING – INFO – --- УСПЕШНЫЙ ПЕРЕХОД К ВАКАНСИЯМ (страница 8)--- 
2026-04-27_15-46-57 – PARSING – DEBUG – Очистка переменной soup после: 8
2026-04-27_15-48-13 – PARSING – INFO – --- УСПЕШНЫЙ ПЕРЕХОД К ВАКАНСИЯМ (страница 9)--- 
2026-04-27_15-48-14 – PARSING – DEBUG – Очистка переменной soup после: 9
2026-04-27_15-49-29 – PARSING – INFO – --- УСПЕШНЫЙ ПЕРЕХОД К ВАКАНСИЯМ (страница 10)--- 
2026-04-27_15-49-30 – PARSING – INFO – --- ПРОМЕЖУТОЧНОЕ СОХРАНЕНИЕ /// страницы 5-10) ---
2026-04-27_15-49-30 – PARSING – DEBUG – Очистка оперативной памяти через GC после чекпоинта: 10
2026-04-27_15-49-30 – PARSING – DEBUG – Очистка переменной soup после: 10
2026-04-27_15-50-46 – PARSING – INFO – --- УСПЕШНЫЙ ПЕРЕХОД К ВАКАНСИЯМ (страница 11)--- 
2026-04-27_15-50-46 – PARSING – DEBUG – Очистка переменной soup после: 11
