2026-04-27_14-30-01 – FILES – INFO – Папка: checkpoints успешно создана
2026-04-27_14-30-02 – PARSING – INFO – Драйвер для работы с selenium создан: <selenium.webdriver.chrome.webdriver.WebDriver (session="7a2350e9be9652ea5ccc57f8c6c1820a")>
2026-04-27_14-30-02 – PARSING – INFO – --- 1. Начало работы ---
2026-04-27_14-30-02 – PARSING – INFO – --- 2. Обработка запроса ---
2026-04-27_14-30-02 – PARSING – DEBUG – Итоговая ссылка с названием профессии: ?text=Системный+аналитик&ored_clusters=true
2026-04-27_14-30-02 – PARSING – INFO – --- 3. Получение страницы ---
2026-04-27_14-31-38 – PARSING – INFO – --- УСПЕШНЫЙ ПЕРЕХОД К ВАКАНСИЯМ (страница 0)--- 
2026-04-27_14-31-38 – PARSING – DEBUG – Очистка переменной soup после: 0
2026-04-27_14-32-55 – PARSING – INFO – --- УСПЕШНЫЙ ПЕРЕХОД К ВАКАНСИЯМ (страница 1)--- 
2026-04-27_14-32-55 – PARSING – DEBUG – Очистка переменной soup после: 1
2026-04-27_14-34-11 – PARSING – INFO – --- УСПЕШНЫЙ ПЕРЕХОД К ВАКАНСИЯМ (страница 2)--- 
2026-04-27_14-34-11 – PARSING – DEBUG – Очистка переменной soup после: 2
2026-04-27_14-35-27 – PARSING – INFO – --- УСПЕШНЫЙ ПЕРЕХОД К ВАКАНСИЯМ (страница 3)--- 
2026-04-27_14-35-27 – PARSING – DEBUG – Очистка переменной soup после: 3
2026-04-27_14-36-43 – PARSING – INFO – --- УСПЕШНЫЙ ПЕРЕХОД К ВАКАНСИЯМ (страница 4)--- 
2026-04-27_14-36-44 – PARSING – DEBUG – Очистка переменной soup после: 4
2026-04-27_14-37-59 – PARSING – INFO – --- УСПЕШНЫЙ ПЕРЕХОД К ВАКАНСИЯМ (страница 5)--- 
2026-04-27_14-37-59 – PARSING – INFO – --- ПРОМЕЖУТОЧНОЕ СОХРАНЕНИЕ /// страницы 0-5) ---
2026-04-27_14-37-59 – PARSING – DEBUG – Очистка оперативной памяти через GC после чекпоинта: 5
2026-04-27_14-37-59 – PARSING – DEBUG – Очистка переменной soup после: 5
2026-04-27_14-37-59 – PARSING – INFO – ВСЕГО СОБРАНО СТРАНИЦ 6
2026-04-27_14-37-59 – PARSING – INFO – --- ФИНАЛЬНОЕ СОХРАНЕНИЕ ---
2026-04-27_14-37-59 – PARSING – INFO – Закончена обработка профессии: Системный аналитик
2026-04-27_14-37-59 – PARSING – DEBUG – Программа остановлена на 2 секунды при смене профессии
2026-04-27_14-38-01 – PARSING – DEBUG – Итоговая ссылка с названием профессии: ?text=BI+аналитик&ored_clusters=true
2026-04-27_14-38-01 – PARSING – INFO – --- 3. Получение страницы ---
2026-04-27_14-39-17 – PARSING – INFO – --- УСПЕШНЫЙ ПЕРЕХОД К ВАКАНСИЯМ (страница 0)--- 
2026-04-27_14-39-18 – PARSING – DEBUG – Очистка переменной soup после: 0
2026-04-27_14-39-18 – PARSING – INFO – ВСЕГО СОБРАНО СТРАНИЦ 1
2026-04-27_14-39-18 – PARSING – DEBUG – Очистка оперативной памяти через GC после финальной страницы
2026-04-27_14-39-18 – PARSING – INFO – --- ФИНАЛЬНОЕ СОХРАНЕНИЕ ---
2026-04-27_14-39-18 – PARSING – INFO – Закончена обработка профессии: BI аналитик
2026-04-27_14-39-18 – PARSING – DEBUG – Программа остановлена на 2 секунды при смене профессии
2026-04-27_14-39-20 – PARSING – DEBUG – Итоговая ссылка с названием профессии: ?text=Инженер+данных&ored_clusters=true
2026-04-27_14-39-20 – PARSING – INFO – --- 3. Получение страницы ---
2026-04-27_14-40-35 – PARSING – INFO – --- УСПЕШНЫЙ ПЕРЕХОД К ВАКАНСИЯМ (страница 0)--- 
2026-04-27_14-40-36 – PARSING – DEBUG – Очистка переменной soup после: 0
2026-04-27_14-40-36 – PARSING – INFO – ВСЕГО СОБРАНО СТРАНИЦ 1
2026-04-27_14-40-36 – PARSING – DEBUG – Очистка оперативной памяти через GC после финальной страницы
2026-04-27_14-40-36 – PARSING – INFO – --- ФИНАЛЬНОЕ СОХРАНЕНИЕ ---
2026-04-27_14-40-36 – PARSING – INFO – Закончена обработка профессии: Инженер данных
2026-04-27_14-40-36 – PARSING – DEBUG – Программа остановлена на 2 секунды при смене профессии
2026-04-27_14-40-38 – PARSING – DEBUG – Итоговая ссылка с названием профессии: ?text=NLP+инженер&ored_clusters=true
2026-04-27_14-40-38 – PARSING – INFO – --- 3. Получение страницы ---
2026-04-27_14-41-54 – PARSING – INFO – --- УСПЕШНЫЙ ПЕРЕХОД К ВАКАНСИЯМ (страница 0)--- 
2026-04-27_14-41-54 – PARSING – DEBUG – Очистка переменной soup после: 0
2026-04-27_14-41-54 – PARSING – INFO – ВСЕГО СОБРАНО СТРАНИЦ 1
2026-04-27_14-41-54 – PARSING – DEBUG – Очистка оперативной памяти через GC после финальной страницы
2026-04-27_14-41-54 – PARSING – INFO – --- ФИНАЛЬНОЕ СОХРАНЕНИЕ ---
2026-04-27_14-41-54 – PARSING – INFO – Закончена обработка профессии: NLP инженер
2026-04-27_14-41-54 – PARSING – DEBUG – Программа остановлена на 2 секунды при смене профессии
2026-04-27_14-41-56 – PARSING – DEBUG – Итоговая ссылка с названием профессии: ?text=DevOps+инженер&ored_clusters=true
2026-04-27_14-41-56 – PARSING – INFO – --- 3. Получение страницы ---
2026-04-27_14-43-12 – PARSING – INFO – --- УСПЕШНЫЙ ПЕРЕХОД К ВАКАНСИЯМ (страница 0)--- 
2026-04-27_14-43-12 – PARSING – DEBUG – Очистка переменной soup после: 0
2026-04-27_14-44-29 – PARSING – INFO – --- УСПЕШНЫЙ ПЕРЕХОД К ВАКАНСИЯМ (страница 1)--- 
2026-04-27_14-44-29 – PARSING – DEBUG – Очистка переменной soup после: 1
2026-04-27_14-44-29 – PARSING – INFO – ВСЕГО СОБРАНО СТРАНИЦ 2
2026-04-27_14-44-29 – PARSING – DEBUG – Очистка оперативной памяти через GC после финальной страницы
2026-04-27_14-44-29 – PARSING – INFO – --- ФИНАЛЬНОЕ СОХРАНЕНИЕ ---
2026-04-27_14-44-29 – PARSING – INFO – Закончена обработка профессии: DevOps инженер
2026-04-27_14-44-29 – PARSING – DEBUG – Программа остановлена на 2 секунды при смене профессии
2026-04-27_14-44-31 – PARSING – DEBUG – Итоговая ссылка с названием профессии: ?text=Cloud+инженер&ored_clusters=true
2026-04-27_14-44-31 – PARSING – INFO – --- 3. Получение страницы ---
2026-04-27_14-45-47 – PARSING – INFO – --- УСПЕШНЫЙ ПЕРЕХОД К ВАКАНСИЯМ (страница 0)--- 
2026-04-27_14-45-48 – PARSING – DEBUG – Очистка переменной soup после: 0
2026-04-27_14-47-04 – PARSING – INFO – --- УСПЕШНЫЙ ПЕРЕХОД К ВАКАНСИЯМ (страница 1)--- 
2026-04-27_14-47-04 – PARSING – DEBUG – Очистка переменной soup после: 1
2026-04-27_14-48-20 – PARSING – INFO – --- УСПЕШНЫЙ ПЕРЕХОД К ВАКАНСИЯМ (страница 2)--- 
2026-04-27_14-48-20 – PARSING – DEBUG – Очистка переменной soup после: 2
2026-04-27_14-49-36 – PARSING – INFO – --- УСПЕШНЫЙ ПЕРЕХОД К ВАКАНСИЯМ (страница 3)--- 
2026-04-27_14-49-37 – PARSING – DEBUG – Очистка переменной soup после: 3
2026-04-27_14-50-53 – PARSING – INFO – --- УСПЕШНЫЙ ПЕРЕХОД К ВАКАНСИЯМ (страница 4)--- 
2026-04-27_14-50-53 – PARSING – DEBUG – Очистка переменной soup после: 4
2026-04-27_14-52-10 – PARSING – INFO – --- УСПЕШНЫЙ ПЕРЕХОД К ВАКАНСИЯМ (страница 5)--- 
2026-04-27_14-52-10 – PARSING – INFO – --- ПРОМЕЖУТОЧНОЕ СОХРАНЕНИЕ /// страницы 0-5) ---
2026-04-27_14-52-10 – PARSING – DEBUG – Очистка оперативной памяти через GC после чекпоинта: 5
2026-04-27_14-52-10 – PARSING – DEBUG – Очистка переменной soup после: 5
2026-04-27_14-53-26 – PARSING – INFO – --- УСПЕШНЫЙ ПЕРЕХОД К ВАКАНСИЯМ (страница 6)--- 
2026-04-27_14-53-26 – PARSING – DEBUG – Очистка переменной soup после: 6
2026-04-27_14-54-42 – PARSING – INFO – --- УСПЕШНЫЙ ПЕРЕХОД К ВАКАНСИЯМ (страница 7)--- 
2026-04-27_14-54-42 – PARSING – DEBUG – Очистка переменной soup после: 7
2026-04-27_14-55-58 – PARSING – INFO – --- УСПЕШНЫЙ ПЕРЕХОД К ВАКАНСИЯМ (страница 8)--- 
2026-04-27_14-55-59 – PARSING – DEBUG – Очистка переменной soup после: 8
2026-04-27_14-57-15 – PARSING – INFO – --- УСПЕШНЫЙ ПЕРЕХОД К ВАКАНСИЯМ (страница 9)--- 
2026-04-27_14-57-15 – PARSING – DEBUG – Очистка переменной soup после: 9
2026-04-27_14-58-31 – PARSING – INFO – --- УСПЕШНЫЙ ПЕРЕХОД К ВАКАНСИЯМ (страница 10)--- 
2026-04-27_14-58-31 – PARSING – INFO – --- ПРОМЕЖУТОЧНОЕ СОХРАНЕНИЕ /// страницы 5-10) ---
2026-04-27_14-58-31 – PARSING – DEBUG – Очистка оперативной памяти через GC после чекпоинта: 10
2026-04-27_14-58-31 – PARSING – DEBUG – Очистка переменной soup после: 10
2026-04-27_14-59-48 – PARSING – INFO – --- УСПЕШНЫЙ ПЕРЕХОД К ВАКАНСИЯМ (страница 11)--- 
2026-04-27_14-59-48 – PARSING – DEBUG – Очистка переменной soup после: 11
2026-04-27_15-01-04 – PARSING – INFO – --- УСПЕШНЫЙ ПЕРЕХОД К ВАКАНСИЯМ (страница 12)--- 
2026-04-27_15-01-04 – PARSING – DEBUG – Очистка переменной soup после: 12
2026-04-27_15-02-21 – PARSING – INFO – --- УСПЕШНЫЙ ПЕРЕХОД К ВАКАНСИЯМ (страница 13)--- 
2026-04-27_15-02-21 – PARSING – DEBUG – Очистка переменной soup после: 13
2026-04-27_15-03-37 – PARSING – INFO – --- УСПЕШНЫЙ ПЕРЕХОД К ВАКАНСИЯМ (страница 14)--- 
2026-04-27_15-03-38 – PARSING – DEBUG – Очистка переменной soup после: 14
2026-04-27_15-04-54 – PARSING – INFO – --- УСПЕШНЫЙ ПЕРЕХОД К ВАКАНСИЯМ (страница 15)--- 
2026-04-27_15-04-54 – PARSING – INFO – --- ПРОМЕЖУТОЧНОЕ СОХРАНЕНИЕ /// страницы 10-15) ---
2026-04-27_15-04-54 – PARSING – DEBUG – Очистка оперативной памяти через GC после чекпоинта: 15
2026-04-27_15-04-54 – PARSING – DEBUG – Очистка переменной soup после: 15
2026-04-27_15-06-11 – PARSING – INFO – --- УСПЕШНЫЙ ПЕРЕХОД К ВАКАНСИЯМ (страница 16)--- 
2026-04-27_15-06-11 – PARSING – DEBUG – Очистка переменной soup после: 16
2026-04-27_15-07-27 – PARSING – INFO – --- УСПЕШНЫЙ ПЕРЕХОД К ВАКАНСИЯМ (страница 17)--- 
2026-04-27_15-07-27 – PARSING – DEBUG – Очистка переменной soup после: 17
2026-04-27_15-08-43 – PARSING – INFO – --- УСПЕШНЫЙ ПЕРЕХОД К ВАКАНСИЯМ (страница 18)--- 
2026-04-27_15-08-43 – PARSING – DEBUG – Очистка переменной soup после: 18
2026-04-27_15-10-00 – PARSING – INFO – --- УСПЕШНЫЙ ПЕРЕХОД К ВАКАНСИЯМ (страница 19)--- 
2026-04-27_15-10-00 – PARSING – DEBUG – Очистка переменной soup после: 19
2026-04-27_15-11-16 – PARSING – INFO – --- УСПЕШНЫЙ ПЕРЕХОД К ВАКАНСИЯМ (страница 20)--- 
2026-04-27_15-11-16 – PARSING – INFO – --- ПРОМЕЖУТОЧНОЕ СОХРАНЕНИЕ /// страницы 15-20) ---
2026-04-27_15-11-16 – PARSING – DEBUG – Очистка оперативной памяти через GC после чекпоинта: 20
2026-04-27_15-11-17 – PARSING – DEBUG – Очистка переменной soup после: 20
2026-04-27_15-12-33 – PARSING – INFO – --- УСПЕШНЫЙ ПЕРЕХОД К ВАКАНСИЯМ (страница 21)--- 
2026-04-27_15-12-33 – PARSING – DEBUG – Очистка переменной soup после: 21
2026-04-27_15-13-49 – PARSING – INFO – --- УСПЕШНЫЙ ПЕРЕХОД К ВАКАНСИЯМ (страница 22)--- 
2026-04-27_15-13-49 – PARSING – DEBUG – Очистка переменной soup после: 22
2026-04-27_15-15-05 – PARSING – INFO – --- УСПЕШНЫЙ ПЕРЕХОД К ВАКАНСИЯМ (страница 23)--- 
2026-04-27_15-15-06 – PARSING – DEBUG – Очистка переменной soup после: 23
2026-04-27_15-16-22 – PARSING – INFO – --- УСПЕШНЫЙ ПЕРЕХОД К ВАКАНСИЯМ (страница 24)--- 
2026-04-27_15-16-22 – PARSING – DEBUG – Очистка переменной soup после: 24
2026-04-27_15-17-39 – PARSING – INFO – --- УСПЕШНЫЙ ПЕРЕХОД К ВАКАНСИЯМ (страница 25)--- 
2026-04-27_15-17-39 – PARSING – INFO – --- ПРОМЕЖУТОЧНОЕ СОХРАНЕНИЕ /// страницы 20-25) ---
2026-04-27_15-17-39 – PARSING – DEBUG – Очистка оперативной памяти через GC после чекпоинта: 25
2026-04-27_15-17-39 – PARSING – DEBUG – Очистка переменной soup после: 25
2026-04-27_15-18-55 – PARSING – INFO – --- УСПЕШНЫЙ ПЕРЕХОД К ВАКАНСИЯМ (страница 26)--- 
2026-04-27_15-18-56 – PARSING – DEBUG – Очистка переменной soup после: 26
2026-04-27_15-20-12 – PARSING – INFO – --- УСПЕШНЫЙ ПЕРЕХОД К ВАКАНСИЯМ (страница 27)--- 
2026-04-27_15-20-12 – PARSING – DEBUG – Очистка переменной soup после: 27
2026-04-27_15-21-29 – PARSING – INFO – --- УСПЕШНЫЙ ПЕРЕХОД К ВАКАНСИЯМ (страница 28)--- 
2026-04-27_15-21-29 – PARSING – DEBUG – Очистка переменной soup после: 28
2026-04-27_15-22-46 – PARSING – INFO – --- УСПЕШНЫЙ ПЕРЕХОД К ВАКАНСИЯМ (страница 29)--- 
2026-04-27_15-22-46 – PARSING – DEBUG – Очистка переменной soup после: 29
2026-04-27_15-24-02 – PARSING – INFO – --- УСПЕШНЫЙ ПЕРЕХОД К ВАКАНСИЯМ (страница 30)--- 
2026-04-27_15-24-02 – PARSING – INFO – --- ПРОМЕЖУТОЧНОЕ СОХРАНЕНИЕ /// страницы 25-30) ---
2026-04-27_15-24-02 – PARSING – DEBUG – Очистка оперативной памяти через GC после чекпоинта: 30
2026-04-27_15-24-02 – PARSING – DEBUG – Очистка переменной soup после: 30
2026-04-27_15-25-18 – PARSING – INFO – --- УСПЕШНЫЙ ПЕРЕХОД К ВАКАНСИЯМ (страница 31)--- 
2026-04-27_15-25-18 – PARSING – DEBUG – Очистка переменной soup после: 31
2026-04-27_15-26-34 – PARSING – INFO – --- УСПЕШНЫЙ ПЕРЕХОД К ВАКАНСИЯМ (страница 32)--- 
2026-04-27_15-26-34 – PARSING – DEBUG – Очистка переменной soup после: 32
2026-04-27_15-27-50 – PARSING – INFO – --- УСПЕШНЫЙ ПЕРЕХОД К ВАКАНСИЯМ (страница 33)--- 
2026-04-27_15-27-50 – PARSING – DEBUG – Очистка переменной soup после: 33
2026-04-27_15-29-06 – PARSING – INFO – --- УСПЕШНЫЙ ПЕРЕХОД К ВАКАНСИЯМ (страница 34)--- 
2026-04-27_15-29-07 – PARSING – DEBUG – Очистка переменной soup после: 34
2026-04-27_15-30-24 – PARSING – INFO – --- УСПЕШНЫЙ ПЕРЕХОД К ВАКАНСИЯМ (страница 35)--- 
2026-04-27_15-30-24 – PARSING – INFO – --- ПРОМЕЖУТОЧНОЕ СОХРАНЕНИЕ /// страницы 30-35) ---
2026-04-27_15-30-24 – PARSING – DEBUG – Очистка оперативной памяти через GC после чекпоинта: 35
2026-04-27_15-30-25 – PARSING – DEBUG – Очистка переменной soup после: 35
2026-04-27_15-31-57 – PARSING – INFO – --- УСПЕШНЫЙ ПЕРЕХОД К ВАКАНСИЯМ (страница 36)--- 
2026-04-27_15-31-57 – PARSING – DEBUG – Очистка переменной soup после: 36
2026-04-27_15-33-13 – PARSING – INFO – --- УСПЕШНЫЙ ПЕРЕХОД К ВАКАНСИЯМ (страница 37)--- 
2026-04-27_15-33-13 – PARSING – DEBUG – Очистка переменной soup после: 37
2026-04-27_15-34-30 – PARSING – INFO – --- УСПЕШНЫЙ ПЕРЕХОД К ВАКАНСИЯМ (страница 38)--- 
2026-04-27_15-34-30 – PARSING – DEBUG – Очистка переменной soup после: 38
2026-04-27_15-34-30 – PARSING – INFO – ВСЕГО СОБРАНО СТРАНИЦ 39
2026-04-27_15-34-30 – PARSING – DEBUG – Очистка оперативной памяти через GC после финальной страницы
2026-04-27_15-34-30 – PARSING – INFO – --- ФИНАЛЬНОЕ СОХРАНЕНИЕ ---
2026-04-27_15-34-30 – PARSING – INFO – Закончена обработка профессии: Cloud инженер
2026-04-27_15-34-30 – PARSING – DEBUG – Программа остановлена на 2 секунды при смене профессии
2026-04-27_15-34-32 – PARSING – DEBUG – Итоговая ссылка с названием профессии: ?text=Системный+администратор&ored_clusters=true
2026-04-27_15-34-32 – PARSING – INFO – --- 3. Получение страницы ---
