2026-04-27_16-10-26 – FILES – INFO – Папка: checkpoints успешно создана
2026-04-27_16-10-27 – PARSING – INFO – Драйвер создан
2026-04-27_16-10-27 – PARSING – INFO – --- 1. Начало работы ---
2026-04-27_16-10-27 – PARSING – INFO – --- 2. Обработка запроса ---
2026-04-27_16-10-27 – PARSING – INFO – --- 3. Получение страницы ---
2026-04-27_16-10-58 – PARSING – ERROR – Возникла ошибка: Message: timeout: Timed out receiving message from renderer: 30.000
  (Session info: chrome=147.0.7727.103)
Stacktrace:
0   chromedriver                        0x0000000103475ebc cxxbridge1$str$ptr + 3213376
1   chromedriver                        0x000000010346de8c cxxbridge1$str$ptr + 3180560
2   chromedriver                        0x0000000102f338d4 _RNvCs10ygTOo3JCa_7___rustc35___rust_no_alloc_shim_is_unstable_v2 + 75096
3   chromedriver                        0x0000000102f1dd78 cxxbridge1$string$len + 4160
4   chromedriver                        0x0000000102f1da98 cxxbridge1$string$len + 3424
5   chromedriver                        0x0000000102f1b65c chromedriver + 226908
6   chromedriver                        0x0000000102f1c250 chromedriver + 229968
7   chromedriver                        0x0000000102f29b3c _RNvCs10ygTOo3JCa_7___rustc35___rust_no_alloc_shim_is_unstable_v2 + 34752
8   chromedriver                        0x0000000102f405a0 _RNvCs10ygTOo3JCa_7___rustc35___rust_no_alloc_shim_is_unstable_v2 + 127524
9   chromedriver                        0x0000000102f1c8bc chromedriver + 231612
10  chromedriver                        0x0000000102f4039c _RNvCs10ygTOo3JCa_7___rustc35___rust_no_alloc_shim_is_unstable_v2 + 127008
11  chromedriver                        0x0000000102fbb78c _RNvCs10ygTOo3JCa_7___rustc35___rust_no_alloc_shim_is_unstable_v2 + 631824
12  chromedriver                        0x0000000102f7127c _RNvCs10ygTOo3JCa_7___rustc35___rust_no_alloc_shim_is_unstable_v2 + 327424
13  chromedriver                        0x0000000103433f60 cxxbridge1$str$ptr + 2943204
14  chromedriver                        0x0000000103437744 cxxbridge1$str$ptr + 2957512
15  chromedriver                        0x0000000103418e50 cxxbridge1$str$ptr + 2832340
16  chromedriver                        0x0000000103437fc4 cxxbridge1$str$ptr + 2959688
17  chromedriver                        0x0000000103409828 cxxbridge1$str$ptr + 2769324
18  chromedriver                        0x000000010345c920 cxxbridge1$str$ptr + 3109540
19  chromedriver                        0x000000010345ca9c cxxbridge1$str$ptr + 3109920
20  chromedriver                        0x000000010346dae4 cxxbridge1$str$ptr + 3179624
21  libsystem_pthread.dylib             0x000000019e3e82e4 _pthread_start + 136
22  libsystem_pthread.dylib             0x000000019e3e30fc thread_start + 8

2026-04-27_16-10-58 – PARSING – INFO – Закончена обработка профессии: Инженер по кибербезопасности
2026-04-27_16-11-07 – PARSING – INFO – --- 3. Получение страницы ---
2026-04-27_16-11-37 – PARSING – ERROR – Возникла ошибка: Message: timeout: Timed out receiving message from renderer: 29.313
  (Session info: chrome=147.0.7727.103)
Stacktrace:
0   chromedriver                        0x0000000103475ebc cxxbridge1$str$ptr + 3213376
1   chromedriver                        0x000000010346de8c cxxbridge1$str$ptr + 3180560
2   chromedriver                        0x0000000102f338d4 _RNvCs10ygTOo3JCa_7___rustc35___rust_no_alloc_shim_is_unstable_v2 + 75096
3   chromedriver                        0x0000000102f1dd78 cxxbridge1$string$len + 4160
4   chromedriver                        0x0000000102f1da98 cxxbridge1$string$len + 3424
5   chromedriver                        0x0000000102f1b65c chromedriver + 226908
6   chromedriver                        0x0000000102f1c250 chromedriver + 229968
7   chromedriver                        0x0000000102f29b3c _RNvCs10ygTOo3JCa_7___rustc35___rust_no_alloc_shim_is_unstable_v2 + 34752
8   chromedriver                        0x0000000102f405a0 _RNvCs10ygTOo3JCa_7___rustc35___rust_no_alloc_shim_is_unstable_v2 + 127524
9   chromedriver                        0x0000000102f1c8bc chromedriver + 231612
10  chromedriver                        0x0000000102f4039c _RNvCs10ygTOo3JCa_7___rustc35___rust_no_alloc_shim_is_unstable_v2 + 127008
11  chromedriver                        0x0000000102fbbaf4 _RNvCs10ygTOo3JCa_7___rustc35___rust_no_alloc_shim_is_unstable_v2 + 632696
12  chromedriver                        0x0000000102f7127c _RNvCs10ygTOo3JCa_7___rustc35___rust_no_alloc_shim_is_unstable_v2 + 327424
13  chromedriver                        0x0000000103433f60 cxxbridge1$str$ptr + 2943204
14  chromedriver                        0x0000000103437744 cxxbridge1$str$ptr + 2957512
15  chromedriver                        0x0000000103418e50 cxxbridge1$str$ptr + 2832340
16  chromedriver                        0x0000000103437fc4 cxxbridge1$str$ptr + 2959688
17  chromedriver                        0x0000000103409828 cxxbridge1$str$ptr + 2769324
18  chromedriver                        0x000000010345c920 cxxbridge1$str$ptr + 3109540
19  chromedriver                        0x000000010345ca9c cxxbridge1$str$ptr + 3109920
20  chromedriver                        0x000000010346dae4 cxxbridge1$str$ptr + 3179624
21  libsystem_pthread.dylib             0x000000019e3e82e4 _pthread_start + 136
22  libsystem_pthread.dylib             0x000000019e3e30fc thread_start + 8

2026-04-27_16-11-37 – PARSING – INFO – Закончена обработка профессии: Специалист информационной безопасности
2026-04-27_16-11-42 – PARSING – INFO – --- 3. Получение страницы ---
2026-04-27_16-11-46 – PARSING – INFO – --- УСПЕШНЫЙ ПЕРЕХОД К ВАКАНСИЯМ (страница 0)--- 
2026-04-27_16-11-46 – PARSING – INFO – ВСЕГО СОБРАНО СТРАНИЦ 1
2026-04-27_16-11-46 – PARSING – INFO – --- ФИНАЛЬНОЕ СОХРАНЕНИЕ ---
2026-04-27_16-11-46 – PARSING – INFO – Закончена обработка профессии: Архитектор программного обеспечения
2026-04-27_16-11-54 – PARSING – INFO – --- 3. Получение страницы ---
